0 info it worked if it ends with ok
1 verbose cli [ '/home/abdelrahman-a-elshabrawy/.nvm/versions/node/v6.9.5/bin/node',
1 verbose cli   '/home/abdelrahman-a-elshabrawy/.nvm/versions/node/v6.9.5/bin/npm',
1 verbose cli   'start' ]
2 info using npm@3.10.10
3 info using node@v6.9.5
4 verbose run-script [ 'prestart', 'start', 'poststart' ]
5 info lifecycle Student-Portfolios@~prestart: Student-Portfolios@
6 silly lifecycle Student-Portfolios@~prestart: no script for prestart, continuing
7 info lifecycle Student-Portfolios@~start: Student-Portfolios@
8 verbose lifecycle Student-Portfolios@~start: unsafe-perm in lifecycle true
9 verbose lifecycle Student-Portfolios@~start: PATH: /home/abdelrahman-a-elshabrawy/.nvm/versions/node/v6.9.5/lib/node_modules/npm/bin/node-gyp-bin:/home/abdelrahman-a-elshabrawy/Desktop/W/Sem 6/CSEN603 SE/Workspace/MiniProject/node_modules/.bin:/home/abdelrahman-a-elshabrawy/.nvm/versions/node/v6.9.5/bin:/home/abdelrahman-a-elshabrawy/bin:/home/abdelrahman-a-elshabrawy/.local/bin:/usr/local/sbin:/usr/local/bin:/usr/sbin:/usr/bin:/sbin:/bin:/usr/games:/usr/local/games:/snap/bin
10 verbose lifecycle Student-Portfolios@~start: CWD: /home/abdelrahman-a-elshabrawy/Desktop/W/Sem 6/CSEN603 SE/Workspace/MiniProject
11 silly lifecycle Student-Portfolios@~start: Args: [ '-c', 'node app' ]
12 silly lifecycle Student-Portfolios@~start: Returned: code: 1  signal: null
13 info lifecycle Student-Portfolios@~start: Failed to exec start script
14 verbose stack Error: Student-Portfolios@ start: `node app`
14 verbose stack Exit status 1
14 verbose stack     at EventEmitter.<anonymous> (/home/abdelrahman-a-elshabrawy/.nvm/versions/node/v6.9.5/lib/node_modules/npm/lib/utils/lifecycle.js:255:16)
14 verbose stack     at emitTwo (events.js:106:13)
14 verbose stack     at EventEmitter.emit (events.js:191:7)
14 verbose stack     at ChildProcess.<anonymous> (/home/abdelrahman-a-elshabrawy/.nvm/versions/node/v6.9.5/lib/node_modules/npm/lib/utils/spawn.js:40:14)
14 verbose stack     at emitTwo (events.js:106:13)
14 verbose stack     at ChildProcess.emit (events.js:191:7)
14 verbose stack     at maybeClose (internal/child_process.js:877:16)
14 verbose stack     at Process.ChildProcess._handle.onexit (internal/child_process.js:226:5)
15 verbose pkgid Student-Portfolios@
16 verbose cwd /home/abdelrahman-a-elshabrawy/Desktop/W/Sem 6/CSEN603 SE/Workspace/MiniProject
17 error Linux 4.4.0-64-generic
18 error argv "/home/abdelrahman-a-elshabrawy/.nvm/versions/node/v6.9.5/bin/node" "/home/abdelrahman-a-elshabrawy/.nvm/versions/node/v6.9.5/bin/npm" "start"
19 error node v6.9.5
20 error npm  v3.10.10
21 error code ELIFECYCLE
22 error Student-Portfolios@ start: `node app`
22 error Exit status 1
23 error Failed at the Student-Portfolios@ start script 'node app'.
23 error Make sure you have the latest version of node.js and npm installed.
23 error If you do, this is most likely a problem with the Student-Portfolios package,
23 error not with npm itself.
23 error Tell the author that this fails on your system:
23 error     node app
23 error You can get information on how to open an issue for this project with:
23 error     npm bugs Student-Portfolios
23 error Or if that isn't available, you can get their info via:
23 error     npm owner ls Student-Portfolios
23 error There is likely additional logging output above.
24 verbose exit [ 1, true ]
